<?xml version="1.0" encoding="UTF-8" standalone="no"?>
<testsuite errors="0" failures="1" name="io.cucumber.core.plugin.JUnitFormatter" skipped="0" tests="16" time="163.38">
<testcase classname="F01_Register | users could register with new accounts" name="guest user could register with valid data successfully" time="13.218">
<system-out><![CDATA[Given Step 1 user go to register page.......................................passed
And Step 2 user select gender type..........................................passed
And Step 3 user enter first name "automation" and last name "tester"........passed
And Step 4 user enter date of birth.........................................passed
And Step 5 user enter email "test@example.com" field........................passed
And Step 6 user fills Password fields "P@ssw0rd" "P@ssw0rd".................passed
When Step 7 user clicks on register button..................................passed
Then Step 8 success message is displayed....................................passed
]]></system-out>
</testcase>
<testcase classname="F02_Login | users could use login functionality to use their accounts" name="user could login with valid email and password" time="11.253">
<system-out><![CDATA[Given Step 1 user go to login page..........................................passed
And Step 2 user login with "valid" "test@example.com" and "P@ssw0rd"........passed
When Step 3 user press on login button......................................passed
Then Step 4 user login to the system successfully...........................passed
]]></system-out>
</testcase>
<testcase classname="F02_Login | users could use login functionality to use their accounts" name="user could not login with invalid email and password" time="10.072">
<system-out><![CDATA[Given Step 1 user go to login page..........................................passed
And Step 2 user login with "invalid" "wrong@example.com" and "P@ssw0rd".....passed
When Step 3 user press on login button......................................passed
Then Step 4 user could not login to the system..............................passed
]]></system-out>
</testcase>
<testcase classname="F03_currencies | customer can choose currency type that he would like to deal with" name="customer can deal with Euro" time="8.767">
<system-out><![CDATA[When Step 1 user select Euro currency from the dropdown list on the top left of home page.passed
Then Step 2 Euro Symbol € is shown on the 4 products displayed in Home page.passed
]]></system-out>
</testcase>
<testcase classname="F04_Search | user could be able to search using product name or sku (serial number)" name="user could be able to search using product name" time="9.179">
<system-out><![CDATA[When user search using product book name....................................passed
Then user should be able to find items with product name....................passed
]]></system-out>
</testcase>
<testcase classname="F04_Search | user could be able to search using product name or sku (serial number)" name="user could be able to search using product name 2" time="9.04">
<system-out><![CDATA[When user search using product laptop name..................................passed
Then user should be able to find items with product name....................passed
]]></system-out>
</testcase>
<testcase classname="F04_Search | user could be able to search using product name or sku (serial number)" name="user could be able to search using product name 3" time="8.665">
<system-out><![CDATA[When user search using product nike name....................................passed
Then user should be able to find items with product name....................passed
]]></system-out>
</testcase>
<testcase classname="F04_Search | user could be able to search using product name or sku (serial number)" name="user could be able to search using product sku" time="9.842">
<system-out><![CDATA[When user search using product SCI_FAITH sku................................passed
Then the product sku shown in product page should contains the sku that you are using in search.passed
]]></system-out>
</testcase>
<testcase classname="F04_Search | user could be able to search using product name or sku (serial number)" name="user could be able to search using product sku 2" time="10.258">
<system-out><![CDATA[When user search using product APPLE_CAM sku................................passed
Then the product sku shown in product page should contains the sku that you are using in search.passed
]]></system-out>
</testcase>
<testcase classname="F04_Search | user could be able to search using product name or sku (serial number)" name="user could be able to search using product sku 3" time="9.743">
<system-out><![CDATA[When user search using product SF_PRO_11 sku................................passed
Then the product sku shown in product page should contains the sku that you are using in search.passed
]]></system-out>
</testcase>
<testcase classname="F07_followUs | users could open followUs links" name="user opens facebook link" time="9.489">
<system-out><![CDATA[When user opens facebook link...............................................passed
Then facebook page is opened in new tab.....................................passed
]]></system-out>
</testcase>
<testcase classname="F07_followUs | users could open followUs links" name="user opens twitter link" time="9.469">
<system-out><![CDATA[When user opens twitter link................................................passed
Then twitter page is opened in new tab......................................passed
]]></system-out>
</testcase>
<testcase classname="F07_followUs | users could open followUs links" name="user opens rss link" time="8.569">
<failure message="The following asserts failed:&#10;&#9;expected [https://demo.nopcommerce.com/new-online-store-is-open] but found [https://demo.nopcommerce.com/news/rss/1]" type="java.lang.AssertionError"><![CDATA[When user opens rss link....................................................passed
Then rss page is opened in new tab..........................................failed

StackTrace:
java.lang.AssertionError: The following asserts failed:
	expected [https://demo.nopcommerce.com/new-online-store-is-open] but found [https://demo.nopcommerce.com/news/rss/1]
	at org.testng.asserts.SoftAssert.assertAll(SoftAssert.java:47)
	at org.testng.asserts.SoftAssert.assertAll(SoftAssert.java:31)
	at org.examples.stepDefs.D07_followUsStepDef.rss_link(D07_followUsStepDef.java:88)
	at ✽.rss page is opened in new tab(file:///C:/Users/Osos/IdeaProjects/E-Commerce/src/main/resources/features/F07_followUs.feature:5)
]]></failure>
</testcase>
<testcase classname="F07_followUs | users could open followUs links" name="user opens youtube link" time="12.338">
<system-out><![CDATA[When user opens youtube link................................................passed
Then youtube page is opened in new tab......................................passed
]]></system-out>
</testcase>
<testcase classname="F08_Wishlist | Success message appears when clicking on wishlist button" name="success message appears in green background when user add item to wishlist" time="8.924">
<system-out><![CDATA[When user click on wishlist icon............................................passed
Then success message is displayed...........................................passed
And background color is green...............................................passed
]]></system-out>
</testcase>
<testcase classname="F08_Wishlist | Success message appears when clicking on wishlist button" name="items should be added to wishlist page and Qty should be bigger than 0" time="14.208">
<system-out><![CDATA[When user click on wishlist icon............................................passed
And user wait until this success message with green color to disappear......passed
When click on Wishlist Tab..................................................passed
Then Verify qty value bigger than 0.........................................passed
]]></system-out>
</testcase>
</testsuite>
